#
# There is insufficient memory for the Java Runtime Environment to continue.
# Native memory allocation (mmap) failed to map 130023424 bytes. Error detail: G1 virtual space
# Possible reasons:
#   The system is out of physical RAM or swap space
#   This process is running with CompressedOops enabled, and the Java Heap may be blocking the growth of the native heap
# Possible solutions:
#   Reduce memory load on the system
#   Increase physical memory or swap space
#   Check if swap backing store is full
#   Decrease Java heap size (-Xmx/-Xms)
#   Decrease number of Java threads
#   Decrease Java thread stack sizes (-Xss)
#   Set larger code cache with -XX:ReservedCodeCacheSize=
#   JVM is running with Unscaled Compressed Oops mode in which the Java heap is
#     placed in the first 4GB address space. The Java Heap base address is the
#     maximum limit for the native heap growth. Please use -XX:HeapBaseMinAddress
#     to set the Java Heap base and to place the Java Heap above 4GB virtual address.
# This output file may be truncated or incomplete.
#
#  Out of Memory Error (os_windows.cpp:3828), pid=1508, tid=12204
#
# JRE version:  (21.0.4) (build )
# Java VM: OpenJDK 64-Bit Server VM (21.0.4+-12508038-b607.1, mixed mode, sharing, tiered, compressed oops, compressed class ptrs, g1 gc, windows-amd64)
# No core dump will be written. Minidumps are not enabled by default on client versions of Windows
#

---------------  S U M M A R Y ------------

Command Line: org.jetbrains.kotlin.cli.jvm.K2JVMCompiler @C:\Users\cmcas\AndroidStudioProjects\PROGRAMA\app\build\20250120_3723925351344832326.compiler.options

Host: 12th Gen Intel(R) Core(TM) i3-1215U, 8 cores, 7G,  Windows 11 , 64 bit Build 26100 (10.0.26100.2454)
Time: Mon Jan 20 23:58:04 2025 E. South America Standard Time elapsed time: 4.041790 seconds (0d 0h 0m 4s)

---------------  T H R E A D  ---------------

Current thread (0x0000023dd42bb950):  JavaThread "Unknown thread" [_thread_in_vm, id=12204, stack(0x000000b91a500000,0x000000b91a600000) (1024K)]

Stack: [0x000000b91a500000,0x000000b91a600000]
Native frames: (J=compiled Java code, j=interpreted, Vv=VM code, C=native code)
V  [jvm.dll+0x6ce539]
V  [jvm.dll+0x85bf03]
V  [jvm.dll+0x85e45e]
V  [jvm.dll+0x85eb43]
V  [jvm.dll+0x27dd06]
V  [jvm.dll+0x6cada5]
V  [jvm.dll+0x6bf27a]
V  [jvm.dll+0x3541fb]
V  [jvm.dll+0x35be36]
V  [jvm.dll+0x3adbc6]
V  [jvm.dll+0x3ade98]
V  [jvm.dll+0x32691c]
V  [jvm.dll+0x32760b]
V  [jvm.dll+0x823959]
V  [jvm.dll+0x3bacf8]
V  [jvm.dll+0x80cd58]
V  [jvm.dll+0x44ef2e]
V  [jvm.dll+0x450691]
C  [jli.dll+0x52ab]
C  [ucrtbase.dll+0x14ea0]
C  [KERNEL32.DLL+0x2e8d7]
C  [ntdll.dll+0xdfbcc]


---------------  P R O C E S S  ---------------

Threads class SMR info:
_java_thread_list=0x00007ffcbcada808, length=0, elements={
}

Java Threads: ( => current thread )
Total: 0

Other Threads:
  0x0000023dd663ac20 WorkerThread "GC Thread#0"                     [id=15192, stack(0x000000b91a600000,0x000000b91a700000) (1024K)]
  0x0000023dd664b290 ConcurrentGCThread "G1 Main Marker"            [id=8428, stack(0x000000b91a700000,0x000000b91a800000) (1024K)]
  0x0000023dd664bd90 WorkerThread "G1 Conc#0"                       [id=17320, stack(0x000000b91a800000,0x000000b91a900000) (1024K)]

[error occurred during error reporting (printing all threads), id 0xc0000005, EXCEPTION_ACCESS_VIOLATION (0xc0000005) at pc=0x00007ffcbc2d9957]
VM state: not at safepoint (not fully initialized)

VM Mutex/Monitor currently owned by a thread:  ([mutex/lock_event])
[0x00007ffcbcb473f8] Heap_lock - owner thread: 0x0000023dd42bb950

Heap address: 0x0000000084c00000, size: 1972 MB, Compressed Oops mode: 32-bit

CDS archive(s) mapped at: [0x0000000000000000-0x0000000000000000-0x0000000000000000), size 0, SharedBaseAddress: 0x0000000800000000, ArchiveRelocationMode: 1.
Narrow klass base: 0x0000000000000000, Narrow klass shift: 0, Narrow klass range: 0x0

GC Precious Log:
 CardTable entry size: 512
 Card Set container configuration: InlinePtr #cards 5 size 8 Array Of Cards #cards 12 size 40 Howl #buckets 4 coarsen threshold 1843 Howl Bitmap #cards 512 size 80 coarsen threshold 460 Card regions per heap region 1 cards per card region 2048

Heap:
 garbage-first heap   total 0K, used 0K [0x0000000084c00000, 0x0000000100000000)
  region size 1024K, 0 young (0K), 0 survivors (0K)
 Metaspace       used 0K, committed 0K, reserved 0K
  class space    used 0K, committed 0K, reserved 0K

Heap Regions: E=young(eden), S=young(survivor), O=old, HS=humongous(starts), HC=humongous(continues), CS=collection set, F=free, TAMS=top-at-mark-start, PB=parsable bottom

Card table byte_map: [0x0000023de8e40000,0x0000023de9220000] _byte_map_base: 0x0000023de8a1a000

Marking Bits: (CMBitMap*) 0x0000023dd663b330
 Bits: [0x0000023de9220000, 0x0000023deb0f0000)

GC Heap History (0 events):
No events

Dll operation events (1 events):
Event: 0.027 Loaded shared library C:\Program Files\Android\Android Studio1\jbr\bin\java.dll

Deoptimization events (0 events):
No events

Classes loaded (0 events):
No events

Classes unloaded (0 events):
No events

Classes redefined (0 events):
No events

Internal exceptions (0 events):
No events

ZGC Phase Switch (0 events):
No events

VM Operations (0 events):
No events

Memory protections (0 events):
No events

Nmethod flushes (0 events):
No events

Events (0 events):
No events


Dynamic libraries:
0x00007ff6cadd0000 - 0x00007ff6cadda000 	C:\Program Files\Android\Android Studio1\jbr\bin\java.exe
0x00007ffd328c0000 - 0x00007ffd32b23000 	C:\WINDOWS\SYSTEM32\ntdll.dll
0x00007ffd31890000 - 0x00007ffd31958000 	C:\WINDOWS\System32\KERNEL32.DLL
0x00007ffd30360000 - 0x00007ffd30712000 	C:\WINDOWS\System32\KERNELBASE.dll
0x00007ffd30210000 - 0x00007ffd3035b000 	C:\WINDOWS\System32\ucrtbase.dll
0x00007ffd03f70000 - 0x00007ffd03f8b000 	C:\Program Files\Android\Android Studio1\jbr\bin\VCRUNTIME140.dll
0x00007ffd06e30000 - 0x00007ffd06e48000 	C:\Program Files\Android\Android Studio1\jbr\bin\jli.dll
0x00007ffd30f20000 - 0x00007ffd310e8000 	C:\WINDOWS\System32\USER32.dll
0x00007ffd17c10000 - 0x00007ffd17ea0000 	C:\WINDOWS\WinSxS\amd64_microsoft.windows.common-controls_6595b64144ccf1df_6.0.26100.2454_none_3e0b68a2e331ad60\COMCTL32.dll
0x00007ffd30120000 - 0x00007ffd30147000 	C:\WINDOWS\System32\win32u.dll
0x00007ffd30ab0000 - 0x00007ffd30b59000 	C:\WINDOWS\System32\msvcrt.dll
0x00007ffd310f0000 - 0x00007ffd3111a000 	C:\WINDOWS\System32\GDI32.dll
0x00007ffd2feb0000 - 0x00007ffd2ffdb000 	C:\WINDOWS\System32\gdi32full.dll
0x00007ffd30070000 - 0x00007ffd30113000 	C:\WINDOWS\System32\msvcp_win.dll
0x00007ffd30ba0000 - 0x00007ffd30bcf000 	C:\WINDOWS\System32\IMM32.DLL
0x00007ffd17800000 - 0x00007ffd1780c000 	C:\Program Files\Android\Android Studio1\jbr\bin\vcruntime140_1.dll
0x00007ffceef20000 - 0x00007ffceefad000 	C:\Program Files\Android\Android Studio1\jbr\bin\msvcp140.dll
0x00007ffcbbfa0000 - 0x00007ffcbcc23000 	C:\Program Files\Android\Android Studio1\jbr\bin\server\jvm.dll
0x00007ffd30cc0000 - 0x00007ffd30d74000 	C:\WINDOWS\System32\ADVAPI32.dll
0x00007ffd32570000 - 0x00007ffd32616000 	C:\WINDOWS\System32\sechost.dll
0x00007ffd30e00000 - 0x00007ffd30f16000 	C:\WINDOWS\System32\RPCRT4.dll
0x00007ffd30d80000 - 0x00007ffd30df4000 	C:\WINDOWS\System32\WS2_32.dll
0x00007ffd2fb20000 - 0x00007ffd2fb6e000 	C:\WINDOWS\SYSTEM32\POWRPROF.dll
0x00007ffd24420000 - 0x00007ffd24456000 	C:\WINDOWS\SYSTEM32\WINMM.dll
0x00007ffd186d0000 - 0x00007ffd186db000 	C:\WINDOWS\SYSTEM32\VERSION.dll
0x00007ffd2fb00000 - 0x00007ffd2fb14000 	C:\WINDOWS\SYSTEM32\UMPDC.dll
0x00007ffd2eab0000 - 0x00007ffd2eaca000 	C:\WINDOWS\SYSTEM32\kernel.appcore.dll
0x00007ffd040d0000 - 0x00007ffd040da000 	C:\Program Files\Android\Android Studio1\jbr\bin\jimage.dll
0x00007ffd2d550000 - 0x00007ffd2d791000 	C:\WINDOWS\SYSTEM32\DBGHELP.DLL
0x00007ffd30720000 - 0x00007ffd30a9e000 	C:\WINDOWS\System32\combase.dll
0x00007ffd321b0000 - 0x00007ffd32286000 	C:\WINDOWS\System32\OLEAUT32.dll
0x00007ffd14b50000 - 0x00007ffd14b89000 	C:\WINDOWS\SYSTEM32\dbgcore.DLL
0x00007ffd2fc90000 - 0x00007ffd2fd29000 	C:\WINDOWS\System32\bcryptPrimitives.dll
0x00007ffcfda90000 - 0x00007ffcfdab0000 	C:\Program Files\Android\Android Studio1\jbr\bin\java.dll

dbghelp: loaded successfully - version: 4.0.5 - missing functions: none
symbol engine: initialized successfully - sym options: 0x614 - pdb path: .;C:\Program Files\Android\Android Studio1\jbr\bin;C:\WINDOWS\SYSTEM32;C:\WINDOWS\WinSxS\amd64_microsoft.windows.common-controls_6595b64144ccf1df_6.0.26100.2454_none_3e0b68a2e331ad60;C:\Program Files\Android\Android Studio1\jbr\bin\server

VM Arguments:
java_command: org.jetbrains.kotlin.cli.jvm.K2JVMCompiler @C:\Users\cmcas\AndroidStudioProjects\PROGRAMA\app\build\20250120_3723925351344832326.compiler.options
java_class_path (initial): C:\Users\cmcas\.gradle\caches\modules-2\files-2.1\org.jetbrains.kotlin\kotlin-compiler-embeddable\1.9.24\78dab849090e6c5e2eadb6e59a11cdc28fb67a08\kotlin-compiler-embeddable-1.9.24.jar;C:\Users\cmcas\.gradle\caches\modules-2\files-2.1\org.jetbrains.kotlin\kotlin-stdlib\1.9.24\9928532f12c66ad816a625b3f9984f8368ca6d2b\kotlin-stdlib-1.9.24.jar;C:\Users\cmcas\.gradle\caches\modules-2\files-2.1\org.jetbrains.kotlin\kotlin-script-runtime\1.9.24\96771497da90fbc5af1c90fce148db2595a62502\kotlin-script-runtime-1.9.24.jar;C:\Users\cmcas\.gradle\caches\modules-2\files-2.1\org.jetbrains.kotlin\kotlin-reflect\1.6.10\1cbe9c92c12a94eea200d23c2bbaedaf3daf5132\kotlin-reflect-1.6.10.jar;C:\Users\cmcas\.gradle\caches\modules-2\files-2.1\org.jetbrains.kotlin\kotlin-daemon-embeddable\1.9.24\86685b9c5e8d170925bd9ddbdc263374a6a73281\kotlin-daemon-embeddable-1.9.24.jar;C:\Users\cmcas\.gradle\caches\modules-2\files-2.1\org.jetbrains.intellij.deps\trove4j\1.0.20200330\3afb14d5f9ceb459d724e907a21145e8ff394f02\trove4j-1.0.20200330.jar;C:\Users\cmcas\.gradle\caches\modules-2\files-2.1\org.jetbrains\annotations\13.0\919f0dfe192fb4e063e7dacadee7f8bb9a2672a9\annotations-13.0.jar
Launcher Type: SUN_STANDARD

[Global flags]
     intx CICompilerCount                          = 4                                         {product} {ergonomic}
     uint ConcGCThreads                            = 2                                         {product} {ergonomic}
     uint G1ConcRefinementThreads                  = 8                                         {product} {ergonomic}
   size_t G1HeapRegionSize                         = 1048576                                   {product} {ergonomic}
    uintx GCDrainStackTargetSize                   = 64                                        {product} {ergonomic}
   size_t InitialHeapSize                          = 130023424                                 {product} {ergonomic}
   size_t MarkStackSize                            = 4194304                                   {product} {ergonomic}
   size_t MaxHeapSize                              = 2067791872                                {product} {ergonomic}
   size_t MinHeapDeltaBytes                        = 1048576                                   {product} {ergonomic}
   size_t MinHeapSize                              = 8388608                                   {product} {ergonomic}
    uintx NonNMethodCodeHeapSize                   = 5839372                                {pd product} {ergonomic}
    uintx NonProfiledCodeHeapSize                  = 122909434                              {pd product} {ergonomic}
    uintx ProfiledCodeHeapSize                     = 122909434                              {pd product} {ergonomic}
    uintx ReservedCodeCacheSize                    = 251658240                              {pd product} {ergonomic}
     bool SegmentedCodeCache                       = true                                      {product} {ergonomic}
   size_t SoftMaxHeapSize                          = 2067791872                             {manageable} {ergonomic}
     bool UseCompressedOops                        = true                           {product lp64_product} {ergonomic}
     bool UseG1GC                                  = true                                      {product} {ergonomic}
     bool UseLargePagesIndividualAllocation        = false                                  {pd product} {ergonomic}

Logging:
Log output configuration:
 #0: stdout all=warning uptime,level,tags foldmultilines=false
 #1: stderr all=off uptime,level,tags foldmultilines=false

Environment Variables:
PATH=C:\Program Files\Common Files\Oracle\Java\javapath;C:\Program Files (x86)\Common Files\Oracle\Java\java8path;C:\Program Files (x86)\Common Files\Oracle\Java\javapath;C:\WINDOWS\system32;C:\WINDOWS;C:\WINDOWS\System32\Wbem;C:\WINDOWS\System32\WindowsPowerShell\v1.0\;C:\WINDOWS\System32\OpenSSH\;C:\Program Files\Git\cmd;C:\Users\cmcas\AppData\Local\Microsoft\WindowsApps;C:\Users\cmcas\AppData\Local\Programs\Microsoft VS Code\bin;
USERNAME=asus
OS=Windows_NT
PROCESSOR_IDENTIFIER=Intel64 Family 6 Model 154 Stepping 4, GenuineIntel
TMP=C:\Users\cmcas\AppData\Local\Temp
TEMP=C:\Users\cmcas\AppData\Local\Temp




Periodic native trim disabled

JNI global refs:
JNI global refs: 0, weak refs: 0

JNI global refs memory usage: 0, weak refs: 0

Process memory usage:
Resident Set Size: 12024K (0% of 8074968K total physical memory with 479348K free physical memory)

OOME stack traces (most recent first):
Classloader memory used:

---------------  S Y S T E M  ---------------

OS:
 Windows 11 , 64 bit Build 26100 (10.0.26100.2454)
OS uptime: 0 days 9:45 hours
Hyper-V role detected

CPU: total 8 (initial active 8) (4 cores per cpu, 2 threads per core) family 6 model 154 stepping 4 microcode 0x434, cx8, cmov, fxsr, ht, mmx, 3dnowpref, sse, sse2, sse3, ssse3, sse4.1, sse4.2, popcnt, lzcnt, tsc, tscinvbit, avx, avx2, aes, erms, clmul, bmi1, bmi2, adx, sha, fma, vzeroupper, clflush, clflushopt, clwb, hv, serialize, rdtscp, rdpid, fsrm, f16c, cet_ibt, cet_ss
Processor Information for processor 0
  Max Mhz: 1200, Current Mhz: 1200, Mhz Limit: 1200
Processor Information for processor 1
  Max Mhz: 1200, Current Mhz: 1200, Mhz Limit: 1200
Processor Information for processor 2
  Max Mhz: 1200, Current Mhz: 1200, Mhz Limit: 1200
Processor Information for processor 3
  Max Mhz: 1200, Current Mhz: 1200, Mhz Limit: 1200
Processor Information for processor 4
  Max Mhz: 1200, Current Mhz: 900, Mhz Limit: 900
Processor Information for processor 5
  Max Mhz: 1200, Current Mhz: 900, Mhz Limit: 900
Processor Information for processor 6
  Max Mhz: 1200, Current Mhz: 900, Mhz Limit: 900
Processor Information for processor 7
  Max Mhz: 1200, Current Mhz: 900, Mhz Limit: 900

Memory: 4k page, system-wide physical 7885M (468M free)
TotalPageFile size 22948M (AvailPageFile size 11M)
current process WorkingSet (physical memory assigned to process): 11M, peak: 11M
current process commit charge ("private bytes"): 60M, peak: 184M

vm_info: OpenJDK 64-Bit Server VM (21.0.4+-12508038-b607.1) for windows-amd64 JRE (21.0.4+-12508038-b607.1), built on 2024-10-16T17:23:34Z by "builder" with MS VC++ 16.10 / 16.11 (VS2019)

END.
